d:\refdevexpress\temp\ordermgmtdbstatic\debug\vc140.pdb
d:\refdevexpress\temp\ordermgmtdbstatic\debug\vc140.idb
d:\refdevexpress\temp\ordermgmtdbstatic\debug\msdbconn.obj
d:\refdevexpress\temp\ordermgmtdbstatic\debug\myutils.obj
d:\refdevexpress\temp\ordermgmtdbstatic\debug\ordermgmtdb.obj
d:\refdevexpress\temp\ordermgmtdbstatic\debug\stdafx.obj
d:\refdevexpress\temp\ordermgmtdbstatic\debug\customermgmt.obj
d:\refdevexpress\temp\ordermgmtdbstatic\debug\mainmgmt.obj
d:\refdevexpress\temp\ordermgmtdbstatic\debug\ordermgmtdb.pdb
d:\refdevexpress\temp\ordermgmtdbstatic\debug\ordermgmtdb.tlog\cl.command.1.tlog
d:\refdevexpress\temp\ordermgmtdbstatic\debug\ordermgmtdb.tlog\cl.read.1.tlog
d:\refdevexpress\temp\ordermgmtdbstatic\debug\ordermgmtdb.tlog\cl.write.1.tlog
d:\refdevexpress\temp\ordermgmtdbstatic\debug\ordermgmtdb.tlog\link.13988-cvtres.read.1.tlog
d:\refdevexpress\temp\ordermgmtdbstatic\debug\ordermgmtdb.tlog\link.13988-cvtres.write.1.tlog
d:\refdevexpress\temp\ordermgmtdbstatic\debug\ordermgmtdb.tlog\link.13988-rc.read.1.tlog
d:\refdevexpress\temp\ordermgmtdbstatic\debug\ordermgmtdb.tlog\link.13988-rc.write.1.tlog
d:\refdevexpress\temp\ordermgmtdbstatic\debug\ordermgmtdb.tlog\link.13988.read.1.tlog
d:\refdevexpress\temp\ordermgmtdbstatic\debug\ordermgmtdb.tlog\link.13988.write.1.tlog
d:\refdevexpress\temp\ordermgmtdbstatic\debug\ordermgmtdb.tlog\link.command.1.tlog
d:\refdevexpress\temp\ordermgmtdbstatic\debug\ordermgmtdb.tlog\link.read.1.tlog
d:\refdevexpress\temp\ordermgmtdbstatic\debug\ordermgmtdb.tlog\link.write.1.tlog
